unityLibrary/build/intermediates/manifest_merge_blame_file/debug/manifest-merger-blame-debug-report.txt
1<?xml version="1.0" encoding="utf-8"?>
2<!-- GENERATED BY UNITY. REMOVE THIS COMMENT TO PREVENT OVERWRITING WHEN EXPORTING AGAIN -->
3<manifest xmlns:android="http://schemas.android.com/apk/res/android"
4    xmlns:tools="http://schemas.android.com/tools"
5    package="com.unity3d.player" >
6
7    <uses-sdk
8        android:minSdkVersion="19"
8-->src/main/AndroidManifest.xml
9        android:targetSdkVersion="31" />
9-->src/main/AndroidManifest.xml
10
11    <uses-feature android:glEsVersion="0x00030000" />
11-->src/main/AndroidManifest.xml:38:5-54
11-->src/main/AndroidManifest.xml:38:19-51
12    <uses-feature
12-->src/main/AndroidManifest.xml:39:5-41:36
13        android:name="android.hardware.vulkan.version"
13-->src/main/AndroidManifest.xml:40:9-55
14        android:required="false" />
14-->src/main/AndroidManifest.xml:41:9-33
15
16    <uses-permission android:name="android.permission.INTERNET" />
16-->src/main/AndroidManifest.xml:43:5-67
16-->src/main/AndroidManifest.xml:43:22-64
17
18    <uses-feature
18-->src/main/AndroidManifest.xml:45:5-47:36
19        android:name="android.hardware.touchscreen"
19-->src/main/AndroidManifest.xml:46:9-52
20        android:required="false" />
20-->src/main/AndroidManifest.xml:47:9-33
21    <uses-feature
21-->src/main/AndroidManifest.xml:48:5-50:36
22        android:name="android.hardware.touchscreen.multitouch"
22-->src/main/AndroidManifest.xml:49:9-63
23        android:required="false" />
23-->src/main/AndroidManifest.xml:50:9-33
24    <uses-feature
24-->src/main/AndroidManifest.xml:51:5-53:36
25        android:name="android.hardware.touchscreen.multitouch.distinct"
25-->src/main/AndroidManifest.xml:52:9-72
26        android:required="false" />
26-->src/main/AndroidManifest.xml:53:9-33
27
28    <application>
28-->src/main/AndroidManifest.xml:6:5-36:19
29        <activity
29-->src/main/AndroidManifest.xml:7:9-22:20
30            android:name="com.unity3d.player.UnityPlayerActivity"
30-->src/main/AndroidManifest.xml:8:13-66
31            android:configChanges="mcc|mnc|locale|touchscreen|keyboard|keyboardHidden|navigation|orientation|screenLayout|uiMode|screenSize|smallestScreenSize|fontScale|layoutDirection|density"
31-->src/main/AndroidManifest.xml:9:13-194
32            android:hardwareAccelerated="false"
32-->src/main/AndroidManifest.xml:10:13-48
33            android:launchMode="singleTask"
33-->src/main/AndroidManifest.xml:12:13-44
34            android:process=":unityPlayer"
34-->src/main/AndroidManifest.xml:13:13-43
35            android:screenOrientation="portrait"
35-->src/main/AndroidManifest.xml:11:13-49
36            android:theme="@style/UnityThemeSelector" >
36-->src/main/AndroidManifest.xml:14:13-54
37            <meta-data
37-->src/main/AndroidManifest.xml:16:13-18:40
38                android:name="unityplayer.UnityActivity"
38-->src/main/AndroidManifest.xml:17:17-57
39                android:value="true" />
39-->src/main/AndroidManifest.xml:18:17-37
40            <meta-data
40-->src/main/AndroidManifest.xml:19:13-21:40
41                android:name="android.notch_support"
41-->src/main/AndroidManifest.xml:20:17-53
42                android:value="true" />
42-->src/main/AndroidManifest.xml:21:17-37
43        </activity>
44
45        <meta-data
45-->src/main/AndroidManifest.xml:24:9-26:33
46            android:name="unity.splash-mode"
46-->src/main/AndroidManifest.xml:25:13-45
47            android:value="0" />
47-->src/main/AndroidManifest.xml:26:13-30
48        <meta-data
48-->src/main/AndroidManifest.xml:27:9-29:36
49            android:name="unity.splash-enable"
49-->src/main/AndroidManifest.xml:28:13-47
50            android:value="True" />
50-->src/main/AndroidManifest.xml:29:13-33
51        <meta-data
51-->src/main/AndroidManifest.xml:30:9-32:50
52            android:name="notch.config"
52-->src/main/AndroidManifest.xml:31:13-40
53            android:value="portrait|landscape" />
53-->src/main/AndroidManifest.xml:32:13-47
54        <meta-data
54-->src/main/AndroidManifest.xml:33:9-35:68
55            android:name="unity.build-id"
55-->src/main/AndroidManifest.xml:34:13-42
56            android:value="753caf85-94f7-4fd1-88cf-2b6e1626be91" />
56-->src/main/AndroidManifest.xml:35:13-65
57    </application>
58
59</manifest>